<?xml version="1.0" encoding="UTF-8"?>
<coverage generated="1665644239874" clover="3.2.0">
  <project timestamp="1665644239874" name="All files">
    <metrics statements="40" coveredstatements="38" conditionals="2" coveredconditionals="1" methods="5" coveredmethods="3" elements="47" coveredelements="42" complexity="0" loc="40" ncloc="40" packages="1" files="3" classes="3"/>
    <file name="TheNav.vue" path="E:\WebDevelopment\Vue\job-finder\src\components\TheNav.vue">
      <metrics statements="20" coveredstatements="20" conditionals="2" coveredconditionals="1" methods="2" coveredmethods="2"/>
      <line num="4" count="1" type="stmt"/>
      <line num="6" count="1" type="stmt"/>
      <line num="9" count="1" type="stmt"/>
      <line num="47" count="1" type="stmt"/>
      <line num="49" count="1" type="stmt"/>
      <line num="52" count="1" type="stmt"/>
      <line num="54" count="1" type="stmt"/>
      <line num="56" count="1" type="stmt"/>
      <line num="59" count="1" type="stmt"/>
      <line num="62" count="1" type="stmt"/>
      <line num="65" count="1" type="stmt"/>
      <line num="66" count="1" type="stmt"/>
      <line num="69" count="1" type="stmt"/>
      <line num="72" count="1" type="stmt"/>
      <line num="76" count="1" type="stmt"/>
      <line num="81" count="2" type="stmt"/>
      <line num="83" count="2" type="stmt"/>
      <line num="85" count="2" type="stmt"/>
      <line num="91" count="6" type="stmt"/>
      <line num="106" count="1" type="stmt"/>
    </file>
    <file name="UserButton.vue" path="E:\WebDevelopment\Vue\job-finder\src\components\UserButton.vue">
      <metrics statements="9" coveredstatements="9" conditionals="0" coveredconditionals="0" methods="1" coveredmethods="1"/>
      <line num="4" count="1" type="stmt"/>
      <line num="7" count="1" type="stmt"/>
      <line num="8" count="1" type="stmt"/>
      <line num="14" count="1" type="stmt"/>
      <line num="16" count="1" type="stmt"/>
      <line num="19" count="1" type="stmt"/>
      <line num="21" count="1" type="stmt"/>
      <line num="24" count="2" type="stmt"/>
      <line num="25" count="1" type="stmt"/>
    </file>
    <file name="UserImage.vue" path="E:\WebDevelopment\Vue\job-finder\src\components\UserImage.vue">
      <metrics statements="11" coveredstatements="9" conditionals="0" coveredconditionals="0" methods="2" coveredmethods="0"/>
      <line num="4" count="1" type="stmt"/>
      <line num="7" count="1" type="stmt"/>
      <line num="8" count="1" type="stmt"/>
      <line num="12" count="0" type="stmt"/>
      <line num="21" count="1" type="stmt"/>
      <line num="23" count="1" type="stmt"/>
      <line num="26" count="1" type="stmt"/>
      <line num="28" count="1" type="stmt"/>
      <line num="30" count="1" type="stmt"/>
      <line num="33" count="0" type="stmt"/>
      <line num="40" count="1" type="stmt"/>
    </file>
  </project>
</coverage>
