{"E:\\WebDevelopment\\Vue\\job-finder\\src\\components\\TheNav.vue": {"path":"E:\\WebDevelopment\\Vue\\job-finder\\src\\components\\TheNav.vue","statementMap":{"0":{"start":{"line":4,"column":0},"end":{"line":6,"column":3}},"1":{"start":{"line":7,"column":0},"end":{"line":7,"column":25}},"2":{"start":{"line":8,"column":15},"end":{"line":17,"column":1}},"3":{"start":{"line":10,"column":4},"end":{"line":14,"column":6}},"4":{"start":{"line":21,"column":0},"end":{"line":21,"column":13}},"5":{"start":{"line":23,"column":0},"end":{"line":25,"column":3}},"6":{"start":{"line":26,"column":0},"end":{"line":26,"column":24}},"7":{"start":{"line":28,"column":11},"end":{"line":28,"column":25}},"8":{"start":{"line":30,"column":19},"end":{"line":32,"column":1}},"9":{"start":{"line":33,"column":19},"end":{"line":35,"column":1}},"10":{"start":{"line":36,"column":19},"end":{"line":38,"column":1}},"11":{"start":{"line":39,"column":19},"end":{"line":39,"column":27}},"12":{"start":{"line":40,"column":19},"end":{"line":42,"column":1}},"13":{"start":{"line":43,"column":19},"end":{"line":45,"column":1}},"14":{"start":{"line":46,"column":19},"end":{"line":49,"column":1}},"15":{"start":{"line":52,"column":2},"end":{"line":67,"column":15}},"16":{"start":{"line":58,"column":4},"end":{"line":64,"column":8}},"17":{"start":{"line":68,"column":2},"end":{"line":68,"column":49}}},"fnMap":{"0":{"name":"(anonymous_0)","decl":{"start":{"line":9,"column":2},"end":{"line":9,"column":3}},"loc":{"start":{"line":9,"column":9},"end":{"line":15,"column":3}},"line":9},"1":{"name":"render","decl":{"start":{"line":51,"column":9},"end":{"line":51,"column":15}},"loc":{"start":{"line":51,"column":30},"end":{"line":68,"column":1}},"line":51},"2":{"name":"(anonymous_2)","decl":{"start":{"line":57,"column":225},"end":{"line":57,"column":226}},"loc":{"start":{"line":57,"column":233},"end":{"line":65,"column":3}},"line":57}},"branchMap":{},"s":{"0":1,"1":1,"2":1,"3":2,"4":1,"5":1,"6":1,"7":1,"8":1,"9":1,"10":1,"11":1,"12":1,"13":1,"14":1,"15":2,"16":6,"17":1},"f":{"0":2,"1":2,"2":6},"b":{},"inputSourceMap":{"0":"{","1":"\"","2":"v","3":"e","4":"r","5":"s","6":"i","7":"o","8":"n","9":"\"","10":":","11":"3","12":",","13":"\"","14":"s","15":"o","16":"u","17":"r","18":"c","19":"e","20":"s","21":"\"","22":":","23":"[","24":"\"","25":"E","26":":","27":"\\","28":"\\","29":"W","30":"e","31":"b","32":"D","33":"e","34":"v","35":"e","36":"l","37":"o","38":"p","39":"m","40":"e","41":"n","42":"t","43":"\\","44":"\\","45":"V","46":"u","47":"e","48":"\\","49":"\\","50":"j","51":"o","52":"b","53":"-","54":"f","55":"i","56":"n","57":"d","58":"e","59":"r","60":"\\","61":"\\","62":"s","63":"r","64":"c","65":"\\","66":"\\","67":"c","68":"o","69":"m","70":"p","71":"o","72":"n","73":"e","74":"n","75":"t","76":"s","77":"\\","78":"\\","79":"T","80":"h","81":"e","82":"N","83":"a","84":"v","85":".","86":"v","87":"u","88":"e","89":"\"","90":"]","91":",","92":"\"","93":"n","94":"a","95":"m","96":"e","97":"s","98":"\"","99":":","100":"[","101":"]","102":",","103":"\"","104":"m","105":"a","106":"p","107":"p","108":"i","109":"n","110":"g","111":"s","112":"\"","113":":","114":"\"","115":";","116":";","117":";","118":";","119":";","120":";","121":";","122":"e","123":"A","124":"4","125":"B","126":"e","127":";","128":"E","129":"A","130":"C","131":"b","132":",","133":"I","134":"A","135":"A","136":"I","137":",","138":"G","139":"A","140":"A","141":"G","142":";","143":"I","144":"A","145":"C","146":"L","147":",","148":"O","149":"A","150":"A","151":"O","152":";","153":"M","154":"A","155":"C","156":"L","157":",","158":"I","159":"A","160":"A","161":"I","162":",","163":"E","164":"A","165":"A","166":"E","167":",","168":"Y","169":"A","170":"D","171":"D","172":";","173":"M","174":"A","175":"E","176":"L","177":",","178":"G","179":"A","180":"A","181":"G","182":",","183":"E","184":"A","185":"A","186":"E","187":",","188":"4","189":"B","190":"A","191":"F","192":"A","193":";","194":"M","195":"A","196":"G","197":"L","198":",","199":"K","200":"A","201":"A","202":"K","203":",","204":"E","205":"A","206":"A","207":"E","208":",","209":"C","210":"A","211":"A","212":"C","213":",","214":"W","215":"A","216":"A","217":"D","218":",","219":"E","220":"A","221":"A","222":"c","223":",","224":"q","225":"B","226":"A","227":"A","228":"d","229":",","230":"E","231":"A","232":"A","233":"q","234":"C","235":",","236":"g","237":"B","238":"A","239":"A","240":"r","241":"C","242":";","243":"I","244":"A","245":"H","246":"F","247":",","248":"C","249":"A","250":"A","251":"P","252":";","253":"E","254":"A","255":"K","256":"D","257":";","258":";","259":"A","260":"A","261":"P","262":"Y","263":"\"","264":",","265":"\"","266":"f","267":"i","268":"l","269":"e","270":"\"","271":":","272":"\"","273":"E","274":":","275":"\\","276":"\\","277":"W","278":"e","279":"b","280":"D","281":"e","282":"v","283":"e","284":"l","285":"o","286":"p","287":"m","288":"e","289":"n","290":"t","291":"\\","292":"\\","293":"V","294":"u","295":"e","296":"\\","297":"\\","298":"j","299":"o","300":"b","301":"-","302":"f","303":"i","304":"n","305":"d","306":"e","307":"r","308":"\\","309":"\\","310":"s","311":"r","312":"c","313":"\\","314":"\\","315":"c","316":"o","317":"m","318":"p","319":"o","320":"n","321":"e","322":"n","323":"t","324":"s","325":"\\","326":"\\","327":"T","328":"h","329":"e","330":"N","331":"a","332":"v","333":".","334":"v","335":"u","336":"e","337":"\"","338":",","339":"\"","340":"s","341":"o","342":"u","343":"r","344":"c","345":"e","346":"s","347":"C","348":"o","349":"n","350":"t","351":"e","352":"n","353":"t","354":"\"","355":":","356":"[","357":"\"","358":"<","359":"t","360":"e","361":"m","362":"p","363":"l","364":"a","365":"t","366":"e","367":">","368":"\\","369":"n","370":" ","371":" ","372":"<","373":"h","374":"e","375":"a","376":"d","377":"e","378":"r","379":" ","380":"c","381":"l","382":"a","383":"s","384":"s","385":"=","386":"\\","387":"\"","388":"w","389":"-","390":"f","391":"u","392":"l","393":"l","394":" ","395":"t","396":"e","397":"x","398":"t","399":"-","400":"b","401":"a","402":"s","403":"e","404":" ","405":"f","406":"o","407":"n","408":"t","409":"-","410":"r","411":"o","412":"b","413":"o","414":"t","415":"o","416":"\\","417":"\"","418":">","419":"\\","420":"n","421":" ","422":" ","423":" ","424":" ","425":"<","426":"d","427":"i","428":"v","429":" ","430":"c","431":"l","432":"a","433":"s","434":"s","435":"=","436":"\\","437":"\"","438":"f","439":"i","440":"x","441":"e","442":"d","443":" ","444":"t","445":"o","446":"p","447":"-","448":"0","449":" ","450":"l","451":"e","452":"f","453":"t","454":"-","455":"0","456":" ","457":"w","458":"-","459":"f","460":"u","461":"l","462":"l","463":" ","464":"h","465":"-","466":"1","467":"6","468":" ","469":"b","470":"g","471":"-","472":"w","473":"h","474":"i","475":"t","476":"e","477":"\\","478":"\"","479":">","480":"\\","481":"n","482":" ","483":" ","484":" ","485":" ","486":" ","487":" ","488":"<","489":"d","490":"i","491":"v","492":"\\","493":"n","494":" ","495":" ","496":" ","497":" ","498":" ","499":" ","500":" ","501":" ","502":"c","503":"l","504":"a","505":"s","506":"s","507":"=","508":"\\","509":"\"","510":"f","511":"l","512":"e","513":"x","514":" ","515":"f","516":"l","517":"e","518":"x","519":"-","520":"n","521":"o","522":"w","523":"r","524":"a","525":"p","526":" ","527":"h","528":"-","529":"f","530":"u","531":"l","532":"l","533":" ","534":"p","535":"x","536":"-","537":"8","538":" ","539":"m","540":"x","541":"-","542":"a","543":"u","544":"t","545":"o","546":" ","547":"b","548":"o","549":"r","550":"d","551":"e","552":"r","553":"-","554":"b","555":" ","556":"b","557":"o","558":"r","559":"d","560":"e","561":"r","562":"-","563":"s","564":"o","565":"l","566":"i","567":"d","568":" ","569":"b","570":"o","571":"r","572":"d","573":"e","574":"r","575":"-","576":"j","577":"o","578":"b","579":"-","580":"g","581":"r","582":"e","583":"y","584":"-","585":"1","586":"\\","587":"\"","588":"\\","589":"n","590":" ","591":" ","592":" ","593":" ","594":" ","595":" ","596":">","597":"\\","598":"n","599":" ","600":" ","601":" ","602":" ","603":" ","604":" ","605":" ","606":" ","607":"<","608":"a","609":" ","610":":","611":"h","612":"r","613":"e","614":"f","615":"=","616":"\\","617":"\"","618":"u","619":"r","620":"l","621":"\\","622":"\"","623":" ","624":"c","625":"l","626":"a","627":"s","628":"s","629":"=","630":"\\","631":"\"","632":"f","633":"l","634":"e","635":"x","636":" ","637":"i","638":"t","639":"e","640":"m","641":"s","642":"-","643":"c","644":"e","645":"n","646":"t","647":"e","648":"r","649":" ","650":"h","651":"-","652":"f","653":"u","654":"l","655":"l","656":" ","657":"t","658":"e","659":"x","660":"t","661":"-","662":"x","663":"l","664":"\\","665":"\"","666":">","667":"{","668":"{","669":" ","670":"s","671":"i","672":"t","673":"e","674":" ","675":"}","676":"}","677":"<","678":"/","679":"a","680":">","681":"\\","682":"n","683":" ","684":" ","685":" ","686":" ","687":" ","688":" ","689":" ","690":" ","691":"<","692":"n","693":"a","694":"v","695":" ","696":"c","697":"l","698":"a","699":"s","700":"s","701":"=","702":"\\","703":"\"","704":"s","705":"p","706":"a","707":"c","708":"e","709":"-","710":"x","711":"-","712":"4","713":" ","714":"m","715":"l","716":"-","717":"1","718":"0","719":" ","720":"h","721":"-","722":"f","723":"u","724":"l","725":"l","726":"\\","727":"\"","728":">","729":"\\","730":"n","731":" ","732":" ","733":" ","734":" ","735":" ","736":" ","737":" ","738":" ","739":" ","740":" ","741":"<","742":"u","743":"l","744":" ","745":"c","746":"l","747":"a","748":"s","749":"s","750":"=","751":"\\","752":"\"","753":"f","754":"l","755":"e","756":"x","757":" ","758":"l","759":"i","760":"s","761":"t","762":"-","763":"n","764":"o","765":"n","766":"e","767":" ","768":"h","769":"-","770":"f","771":"u","772":"l","773":"l","774":"\\","775":"\"","776":">","777":"\\","778":"n","779":" ","780":" ","781":" ","782":" ","783":" ","784":" ","785":" ","786":" ","787":" ","788":" ","789":" ","790":" ","791":"<","792":"l","793":"i","794":"\\","795":"n","796":" ","797":" ","798":" ","799":" ","800":" ","801":" ","802":" ","803":" ","804":" ","805":" ","806":" ","807":" ","808":" ","809":" ","810":"v","811":"-","812":"f","813":"o","814":"r","815":"=","816":"\\","817":"\"","818":"l","819":"i","820":"n","821":"k","822":" ","823":"i","824":"n","825":" ","826":"l","827":"i","828":"n","829":"k","830":"s","831":"\\","832":"\"","833":"\\","834":"n","835":" ","836":" ","837":" ","838":" ","839":" ","840":" ","841":" ","842":" ","843":" ","844":" ","845":" ","846":" ","847":" ","848":" ","849":":","850":"k","851":"e","852":"y","853":"=","854":"\\","855":"\"","856":"l","857":"i","858":"n","859":"k","860":"\\","861":"\"","862":"\\","863":"n","864":" ","865":" ","866":" ","867":" ","868":" ","869":" ","870":" ","871":" ","872":" ","873":" ","874":" ","875":" ","876":" ","877":" ","878":"c","879":"l","880":"a","881":"s","882":"s","883":"=","884":"\\","885":"\"","886":"f","887":"l","888":"e","889":"x","890":" ","891":"h","892":"-","893":"f","894":"u","895":"l","896":"l","897":" ","898":"i","899":"t","900":"e","901":"m","902":"s","903":"-","904":"c","905":"e","906":"n","907":"t","908":"e","909":"r","910":" ","911":"m","912":"x","913":"-","914":"2","915":" ","916":"f","917":"i","918":"r","919":"s","920":"t","921":":","922":"m","923":"l","924":"-","925":"0","926":" ","927":"l","928":"a","929":"s","930":"t","931":":","932":" ","933":"m","934":"r","935":"-","936":"0","937":"\\","938":"\"","939":"\\","940":"n","941":" ","942":" ","943":" ","944":" ","945":" ","946":" ","947":" ","948":" ","949":" ","950":" ","951":" ","952":" ","953":" ","954":" ","955":"n","956":"a","957":"v","958":"-","959":"t","960":"e","961":"s","962":"t","963":"=","964":"\\","965":"\"","966":"t","967":"h","968":"e","969":"n","970":"a","971":"v","972":"-","973":"l","974":"i","975":"s","976":"t","977":"-","978":"i","979":"t","980":"e","981":"m","982":"\\","983":"\"","984":"\\","985":"n","986":" ","987":" ","988":" ","989":" ","990":" ","991":" ","992":" ","993":" ","994":" ","995":" ","996":" ","997":" ","998":">","999":"\\","1000":"n","1001":" ","1002":" ","1003":" ","1004":" ","1005":" ","1006":" ","1007":" ","1008":" ","1009":" ","1010":" ","1011":" ","1012":" ","1013":" ","1014":" ","1015":"<","1016":"a","1017":"\\","1018":"n","1019":" ","1020":" ","1021":" ","1022":" ","1023":" ","1024":" ","1025":" ","1026":" ","1027":" ","1028":" ","1029":" ","1030":" ","1031":" ","1032":" ","1033":" ","1034":" ","1035":"h","1036":"r","1037":"e","1038":"f","1039":"=","1040":"\\","1041":"\"","1042":"/","1043":"d","1044":"a","1045":"s","1046":"h","1047":"b","1048":"o","1049":"a","1050":"r","1051":"d","1052":"\\","1053":"\"","1054":"\\","1055":"n","1056":" ","1057":" ","1058":" ","1059":" ","1060":" ","1061":" ","1062":" ","1063":" ","1064":" ","1065":" ","1066":" ","1067":" ","1068":" ","1069":" ","1070":" ","1071":" ","1072":"c","1073":"l","1074":"a","1075":"s","1076":"s","1077":"=","1078":"\\","1079":"\"","1080":"p","1081":"-","1082":"5","1083":" ","1084":"f","1085":"o","1086":"n","1087":"t","1088":"-","1089":"m","1090":"e","1091":"d","1092":"i","1093":"u","1094":"m","1095":" ","1096":"t","1097":"e","1098":"x","1099":"t","1100":"-","1101":"s","1102":"l","1103":"a","1104":"t","1105":"e","1106":"-","1107":"7","1108":"0","1109":"0","1110":" ","1111":"r","1112":"o","1113":"u","1114":"n","1115":"d","1116":"e","1117":"d","1118":"-","1119":"l","1120":"g","1121":" ","1122":"h","1123":"o","1124":"v","1125":"e","1126":"r","1127":":","1128":"b","1129":"g","1130":"-","1131":"s","1132":"l","1133":"a","1134":"t","1135":"e","1136":"-","1137":"1","1138":"0","1139":"0","1140":" ","1141":"h","1142":"o","1143":"v","1144":"e","1145":"r","1146":":","1147":"t","1148":"e","1149":"x","1150":"t","1151":"-","1152":"s","1153":"l","1154":"a","1155":"t","1156":"e","1157":"-","1158":"9","1159":"0","1160":"0","1161":"\\","1162":"\"","1163":"\\","1164":"n","1165":" ","1166":" ","1167":" ","1168":" ","1169":" ","1170":" ","1171":" ","1172":" ","1173":" ","1174":" ","1175":" ","1176":" ","1177":" ","1178":" ","1179":" ","1180":" ","1181":">","1182":"{","1183":"{","1184":" ","1185":"l","1186":"i","1187":"n","1188":"k","1189":" ","1190":"}","1191":"}","1192":"<","1193":"/","1194":"a","1195":"\\","1196":"n","1197":" ","1198":" ","1199":" ","1200":" ","1201":" ","1202":" ","1203":" ","1204":" ","1205":" ","1206":" ","1207":" ","1208":" ","1209":" ","1210":" ","1211":">","1212":"\\","1213":"n","1214":" ","1215":" ","1216":" ","1217":" ","1218":" ","1219":" ","1220":" ","1221":" ","1222":" ","1223":" ","1224":" ","1225":" ","1226":"<","1227":"/","1228":"l","1229":"i","1230":">","1231":"\\","1232":"n","1233":" ","1234":" ","1235":" ","1236":" ","1237":" ","1238":" ","1239":" ","1240":" ","1241":" ","1242":" ","1243":"<","1244":"/","1245":"u","1246":"l","1247":">","1248":"\\","1249":"n","1250":" ","1251":" ","1252":" ","1253":" ","1254":" ","1255":" ","1256":" ","1257":" ","1258":"<","1259":"/","1260":"n","1261":"a","1262":"v","1263":">","1264":"\\","1265":"n","1266":" ","1267":" ","1268":" ","1269":" ","1270":" ","1271":" ","1272":"<","1273":"/","1274":"d","1275":"i","1276":"v","1277":">","1278":"\\","1279":"n","1280":" ","1281":" ","1282":" ","1283":" ","1284":"<","1285":"/","1286":"d","1287":"i","1288":"v","1289":">","1290":"\\","1291":"n","1292":" ","1293":" ","1294":"<","1295":"/","1296":"h","1297":"e","1298":"a","1299":"d","1300":"e","1301":"r","1302":">","1303":"\\","1304":"n","1305":"<","1306":"/","1307":"t","1308":"e","1309":"m","1310":"p","1311":"l","1312":"a","1313":"t","1314":"e","1315":">","1316":"\\","1317":"n","1318":"<","1319":"s","1320":"c","1321":"r","1322":"i","1323":"p","1324":"t","1325":">","1326":"\\","1327":"n","1328":"e","1329":"x","1330":"p","1331":"o","1332":"r","1333":"t","1334":" ","1335":"d","1336":"e","1337":"f","1338":"a","1339":"u","1340":"l","1341":"t","1342":" ","1343":"{","1344":"\\","1345":"n","1346":" ","1347":" ","1348":"d","1349":"a","1350":"t","1351":"a","1352":"(","1353":")","1354":" ","1355":"{","1356":"\\","1357":"n","1358":" ","1359":" ","1360":" ","1361":" ","1362":"r","1363":"e","1364":"t","1365":"u","1366":"r","1367":"n","1368":" ","1369":"{","1370":"\\","1371":"n","1372":" ","1373":" ","1374":" ","1375":" ","1376":" ","1377":" ","1378":"s","1379":"i","1380":"t","1381":"e","1382":":","1383":" ","1384":"\\","1385":"\"","1386":"J","1387":"o","1388":"b","1389":" ","1390":"F","1391":"i","1392":"n","1393":"d","1394":"e","1395":"r","1396":"\\","1397":"\"","1398":",","1399":"\\","1400":"n","1401":" ","1402":" ","1403":" ","1404":" ","1405":" ","1406":" ","1407":"u","1408":"r","1409":"l","1410":":","1411":" ","1412":"\\","1413":"\"","1414":"h","1415":"t","1416":"t","1417":"p","1418":"s","1419":":","1420":"/","1421":"/","1422":"c","1423":"a","1424":"r","1425":"r","1426":"e","1427":"r","1428":"s","1429":".","1430":"g","1431":"o","1432":"o","1433":"g","1434":"l","1435":"e","1436":".","1437":"c","1438":"o","1439":"m","1440":"\\","1441":"\"","1442":",","1443":"\\","1444":"n","1445":" ","1446":" ","1447":" ","1448":" ","1449":" ","1450":" ","1451":"l","1452":"i","1453":"n","1454":"k","1455":"s","1456":":","1457":" ","1458":"[","1459":"\\","1460":"\"","1461":"L","1462":"o","1463":"c","1464":"a","1465":"t","1466":"i","1467":"o","1468":"n","1469":"s","1470":"\\","1471":"\"","1472":",","1473":" ","1474":"\\","1475":"\"","1476":"A","1477":"p","1478":"p","1479":"l","1480":"i","1481":"c","1482":"a","1483":"t","1484":"i","1485":"o","1486":"n","1487":" ","1488":"p","1489":"r","1490":"o","1491":"c","1492":"e","1493":"s","1494":"s","1495":"\\","1496":"\"","1497":",","1498":" ","1499":"\\","1500":"\"","1501":"A","1502":"v","1503":"a","1504":"i","1505":"l","1506":"a","1507":"b","1508":"l","1509":"e","1510":" ","1511":"j","1512":"o","1513":"b","1514":"s","1515":"\\","1516":"\"","1517":"]","1518":",","1519":"\\","1520":"n","1521":" ","1522":" ","1523":" ","1524":" ","1525":"}","1526":";","1527":"\\","1528":"n","1529":" ","1530":" ","1531":"}","1532":",","1533":"\\","1534":"n","1535":"}","1536":";","1537":"\\","1538":"n","1539":"<","1540":"/","1541":"s","1542":"c","1543":"r","1544":"i","1545":"p","1546":"t","1547":">","1548":"\\","1549":"n","1550":"<","1551":"s","1552":"t","1553":"y","1554":"l","1555":"e","1556":" ","1557":"s","1558":"c","1559":"o","1560":"p","1561":"e","1562":"d","1563":">","1564":"<","1565":"/","1566":"s","1567":"t","1568":"y","1569":"l","1570":"e","1571":">","1572":"\\","1573":"n","1574":"\"","1575":"]","1576":"}"},"_coverageSchema":"1a1c01bbd47fc00a2c39e90264f33305004495a9","hash":"3a7fac02d1a78335b54f2c42e81e02e70a5bc07d"}
}
