{"E:\\WebDevelopment\\Vue\\job-finder\\src\\components\\TheNav.vue": {"path":"E:\\WebDevelopment\\Vue\\job-finder\\src\\components\\TheNav.vue","statementMap":{"0":{"start":{"line":4,"column":0},"end":{"line":6,"column":3}},"1":{"start":{"line":7,"column":0},"end":{"line":7,"column":25}},"2":{"start":{"line":8,"column":15},"end":{"line":15,"column":1}},"3":{"start":{"line":10,"column":4},"end":{"line":12,"column":6}},"4":{"start":{"line":19,"column":0},"end":{"line":19,"column":13}},"5":{"start":{"line":21,"column":0},"end":{"line":23,"column":3}},"6":{"start":{"line":24,"column":0},"end":{"line":24,"column":24}},"7":{"start":{"line":26,"column":11},"end":{"line":26,"column":25}},"8":{"start":{"line":28,"column":19},"end":{"line":30,"column":1}},"9":{"start":{"line":31,"column":19},"end":{"line":33,"column":1}},"10":{"start":{"line":34,"column":19},"end":{"line":36,"column":1}},"11":{"start":{"line":37,"column":19},"end":{"line":40,"column":1}},"12":{"start":{"line":43,"column":2},"end":{"line":45,"column":10}},"13":{"start":{"line":46,"column":2},"end":{"line":46,"column":49}}},"fnMap":{"0":{"name":"(anonymous_0)","decl":{"start":{"line":9,"column":2},"end":{"line":9,"column":3}},"loc":{"start":{"line":9,"column":9},"end":{"line":13,"column":3}},"line":9},"1":{"name":"render","decl":{"start":{"line":42,"column":9},"end":{"line":42,"column":15}},"loc":{"start":{"line":42,"column":30},"end":{"line":46,"column":1}},"line":42}},"branchMap":{},"s":{"0":1,"1":1,"2":1,"3":1,"4":1,"5":1,"6":1,"7":1,"8":1,"9":1,"10":1,"11":1,"12":1,"13":1},"f":{"0":1,"1":1},"b":{},"inputSourceMap":{"0":"{","1":"\"","2":"v","3":"e","4":"r","5":"s","6":"i","7":"o","8":"n","9":"\"","10":":","11":"3","12":",","13":"\"","14":"s","15":"o","16":"u","17":"r","18":"c","19":"e","20":"s","21":"\"","22":":","23":"[","24":"\"","25":"E","26":":","27":"\\","28":"\\","29":"W","30":"e","31":"b","32":"D","33":"e","34":"v","35":"e","36":"l","37":"o","38":"p","39":"m","40":"e","41":"n","42":"t","43":"\\","44":"\\","45":"V","46":"u","47":"e","48":"\\","49":"\\","50":"j","51":"o","52":"b","53":"-","54":"f","55":"i","56":"n","57":"d","58":"e","59":"r","60":"\\","61":"\\","62":"s","63":"r","64":"c","65":"\\","66":"\\","67":"c","68":"o","69":"m","70":"p","71":"o","72":"n","73":"e","74":"n","75":"t","76":"s","77":"\\","78":"\\","79":"T","80":"h","81":"e","82":"N","83":"a","84":"v","85":".","86":"v","87":"u","88":"e","89":"\"","90":"]","91":",","92":"\"","93":"n","94":"a","95":"m","96":"e","97":"s","98":"\"","99":":","100":"[","101":"]","102":",","103":"\"","104":"m","105":"a","106":"p","107":"p","108":"i","109":"n","110":"g","111":"s","112":"\"","113":":","114":"\"","115":";","116":";","117":";","118":";","119":";","120":";","121":";","122":"e","123":"A","124":"Y","125":"e","126":";","127":"E","128":"A","129":"C","130":"b","131":",","132":"I","133":"A","134":"A","135":"I","136":",","137":"G","138":"A","139":"A","140":"G","141":";","142":"I","143":"A","144":"C","145":"L","146":",","147":"O","148":"A","149":"A","150":"O","151":";","152":"M","153":"A","154":"C","155":"L","156":",","157":"O","158":"A","159":"A","160":"O","161":",","162":"E","163":"A","164":"A","165":"E","166":";","167":"I","168":"A","169":"D","170":"J","171":",","172":"C","173":"A","174":"A","175":"P","176":";","177":"E","178":"A","179":"G","180":"D","181":";","182":";","183":"A","184":"A","185":"L","186":"Y","187":"\"","188":",","189":"\"","190":"f","191":"i","192":"l","193":"e","194":"\"","195":":","196":"\"","197":"E","198":":","199":"\\","200":"\\","201":"W","202":"e","203":"b","204":"D","205":"e","206":"v","207":"e","208":"l","209":"o","210":"p","211":"m","212":"e","213":"n","214":"t","215":"\\","216":"\\","217":"V","218":"u","219":"e","220":"\\","221":"\\","222":"j","223":"o","224":"b","225":"-","226":"f","227":"i","228":"n","229":"d","230":"e","231":"r","232":"\\","233":"\\","234":"s","235":"r","236":"c","237":"\\","238":"\\","239":"c","240":"o","241":"m","242":"p","243":"o","244":"n","245":"e","246":"n","247":"t","248":"s","249":"\\","250":"\\","251":"T","252":"h","253":"e","254":"N","255":"a","256":"v","257":".","258":"v","259":"u","260":"e","261":"\"","262":",","263":"\"","264":"s","265":"o","266":"u","267":"r","268":"c","269":"e","270":"s","271":"C","272":"o","273":"n","274":"t","275":"e","276":"n","277":"t","278":"\"","279":":","280":"[","281":"\"","282":"<","283":"t","284":"e","285":"m","286":"p","287":"l","288":"a","289":"t","290":"e","291":">","292":"\\","293":"n","294":" ","295":" ","296":"<","297":"h","298":"e","299":"a","300":"d","301":"e","302":"r","303":" ","304":"c","305":"l","306":"a","307":"s","308":"s","309":"=","310":"\\","311":"\"","312":"w","313":"-","314":"f","315":"u","316":"l","317":"l","318":" ","319":"t","320":"e","321":"x","322":"t","323":"-","324":"b","325":"a","326":"s","327":"e","328":"\\","329":"\"","330":">","331":"\\","332":"n","333":" ","334":" ","335":" ","336":" ","337":"<","338":"d","339":"i","340":"v","341":" ","342":"c","343":"l","344":"a","345":"s","346":"s","347":"=","348":"\\","349":"\"","350":"f","351":"i","352":"x","353":"e","354":"d","355":" ","356":"t","357":"o","358":"p","359":"-","360":"0","361":" ","362":"l","363":"e","364":"f","365":"t","366":"-","367":"0","368":" ","369":"w","370":"-","371":"f","372":"u","373":"l","374":"l","375":" ","376":"h","377":"-","378":"1","379":"6","380":" ","381":"b","382":"g","383":"-","384":"w","385":"h","386":"i","387":"t","388":"e","389":"\\","390":"\"","391":">","392":"\\","393":"n","394":" ","395":" ","396":" ","397":" ","398":" ","399":" ","400":"<","401":"d","402":"i","403":"v","404":"\\","405":"n","406":" ","407":" ","408":" ","409":" ","410":" ","411":" ","412":" ","413":" ","414":"c","415":"l","416":"a","417":"s","418":"s","419":"=","420":"\\","421":"\"","422":"f","423":"l","424":"e","425":"x","426":" ","427":"f","428":"l","429":"e","430":"x","431":"-","432":"n","433":"o","434":"w","435":"r","436":"a","437":"p","438":" ","439":"h","440":"-","441":"f","442":"u","443":"l","444":"l","445":" ","446":"p","447":"x","448":"-","449":"8","450":" ","451":"m","452":"x","453":"-","454":"a","455":"u","456":"t","457":"o","458":" ","459":"b","460":"o","461":"r","462":"d","463":"e","464":"r","465":"-","466":"b","467":" ","468":"b","469":"o","470":"r","471":"d","472":"e","473":"r","474":"-","475":"s","476":"o","477":"l","478":"i","479":"d","480":" ","481":"b","482":"o","483":"r","484":"d","485":"e","486":"r","487":"-","488":"j","489":"o","490":"b","491":"-","492":"g","493":"r","494":"e","495":"y","496":"-","497":"1","498":"\\","499":"\"","500":"\\","501":"n","502":" ","503":" ","504":" ","505":" ","506":" ","507":" ","508":">","509":"\\","510":"n","511":" ","512":" ","513":" ","514":" ","515":" ","516":" ","517":" ","518":" ","519":"<","520":"a","521":" ","522":"h","523":"r","524":"e","525":"f","526":"=","527":"\\","528":"\"","529":"/","530":"\\","531":"\"","532":" ","533":"c","534":"l","535":"a","536":"s","537":"s","538":"=","539":"\\","540":"\"","541":"f","542":"l","543":"e","544":"x","545":" ","546":"i","547":"t","548":"e","549":"m","550":"s","551":"-","552":"c","553":"e","554":"n","555":"t","556":"e","557":"r","558":" ","559":"h","560":"-","561":"f","562":"u","563":"l","564":"l","565":" ","566":"t","567":"e","568":"x","569":"t","570":"-","571":"x","572":"l","573":"\\","574":"\"","575":">","576":"{","577":"{","578":" ","579":"c","580":"o","581":"m","582":"p","583":"a","584":"n","585":"y","586":" ","587":"}","588":"}","589":"<","590":"/","591":"a","592":">","593":"\\","594":"n","595":" ","596":" ","597":" ","598":" ","599":" ","600":" ","601":"<","602":"/","603":"d","604":"i","605":"v","606":">","607":"\\","608":"n","609":" ","610":" ","611":" ","612":" ","613":"<","614":"/","615":"d","616":"i","617":"v","618":">","619":"\\","620":"n","621":" ","622":" ","623":"<","624":"/","625":"h","626":"e","627":"a","628":"d","629":"e","630":"r","631":">","632":"\\","633":"n","634":"<","635":"/","636":"t","637":"e","638":"m","639":"p","640":"l","641":"a","642":"t","643":"e","644":">","645":"\\","646":"n","647":"<","648":"s","649":"c","650":"r","651":"i","652":"p","653":"t","654":">","655":"\\","656":"n","657":"e","658":"x","659":"p","660":"o","661":"r","662":"t","663":" ","664":"d","665":"e","666":"f","667":"a","668":"u","669":"l","670":"t","671":" ","672":"{","673":"\\","674":"n","675":" ","676":" ","677":"d","678":"a","679":"t","680":"a","681":"(","682":")","683":" ","684":"{","685":"\\","686":"n","687":" ","688":" ","689":" ","690":" ","691":"r","692":"e","693":"t","694":"u","695":"r","696":"n","697":" ","698":"{","699":"\\","700":"n","701":" ","702":" ","703":" ","704":" ","705":" ","706":" ","707":"c","708":"o","709":"m","710":"p","711":"a","712":"n","713":"y","714":":","715":" ","716":"\\","717":"\"","718":"J","719":"o","720":"b","721":" ","722":"F","723":"i","724":"n","725":"d","726":"e","727":"r","728":"\\","729":"\"","730":",","731":"\\","732":"n","733":" ","734":" ","735":" ","736":" ","737":"}","738":";","739":"\\","740":"n","741":" ","742":" ","743":"}","744":",","745":"\\","746":"n","747":"}","748":";","749":"\\","750":"n","751":"<","752":"/","753":"s","754":"c","755":"r","756":"i","757":"p","758":"t","759":">","760":"\\","761":"n","762":"\"","763":"]","764":"}"},"_coverageSchema":"1a1c01bbd47fc00a2c39e90264f33305004495a9","hash":"9d9988a0640b57426755f8b7bddd11ead7334fad"}
}
