TN:
SF:src\components\TheNav.vue
FN:80,render
FN:90,(anonymous_1)
FNF:2
FNH:2
FNDA:2,render
FNDA:6,(anonymous_1)
DA:4,1
DA:6,1
DA:9,1
DA:47,1
DA:49,1
DA:52,1
DA:54,1
DA:56,1
DA:59,1
DA:62,1
DA:65,1
DA:66,1
DA:69,1
DA:72,1
DA:76,1
DA:81,2
DA:83,2
DA:85,2
DA:91,6
DA:106,1
LF:20
LH:20
BRDA:100,0,0,0
BRDA:100,0,1,2
BRF:2
BRH:1
end_of_record
TN:
SF:src\components\UserButton.vue
FN:23,render
FNF:1
FNH:1
FNDA:2,render
DA:4,1
DA:7,1
DA:8,1
DA:14,1
DA:16,1
DA:19,1
DA:21,1
DA:24,2
DA:25,1
LF:9
LH:9
BRF:0
BRH:0
end_of_record
TN:
SF:src\components\UserImage.vue
FN:11,(anonymous_0)
FN:32,render
FNF:2
FNH:0
FNDA:0,(anonymous_0)
FNDA:0,render
DA:4,1
DA:7,1
DA:8,1
DA:12,0
DA:21,1
DA:23,1
DA:26,1
DA:28,1
DA:30,1
DA:33,0
DA:40,1
LF:11
LH:9
BRF:0
BRH:0
end_of_record
